[INFO]: Shader FlatShader_VertexShader compiled!

[INFO]: Shader FlatShader_FragmentShader compiled!

[INFO]: Shader FlatShader linked!

[INFO]: Shader SsaoShader_VertexShader compiled!

[INFO]: Shader SsaoShader_FragmentShader compiled!

[INFO]: Shader SsaoShader linked!

[INFO]: Shader DeferredLightShader_VertexShader compiled!

[INFO]: Shader DeferredLightShader_FragmentShader compiled!

[INFO]: Shader DeferredLightShader linked!

[INFO]: Shader DeferredLightShader_VertexShader compiled!

[INFO]: Shader DeferredLightShader_FragmentShader compiled!

[INFO]: Shader DeferredLightShader linked!

[INFO]: Shader DeferredLightShader_VertexShader compiled!

[INFO]: Shader DeferredLightShader_FragmentShader compiled!

[INFO]: Shader DeferredLightShader linked!

[INFO]: Shader AmbientLightShader_VertexShader compiled!

[INFO]: Shader AmbientLightShader_FragmentShader compiled!

[INFO]: Shader AmbientLightShader linked!

[INFO]: Shader FlatShader_VertexShader compiled!

[INFO]: Shader FlatShader_FragmentShader compiled!

[INFO]: Shader FlatShader linked!

[INFO]: Shader SpotShadowMapShader_VertexShader compiled!

[INFO]: Shader SpotShadowMapShader_FragmentShader compiled!

[INFO]: Shader SpotShadowMapShader linked!

[INFO]: Shader PointShadowMapShader_VertexShader compiled!

[INFO]: Shader PointShadowMapShader_FragmentShader compiled!

[INFO]: Shader PointShadowMapShader linked!

[INFO]: Shader SpotVolumetricLight_VertexShader compiled!

[INFO]: Shader SpotVolumetricLight_FragmentShader compiled!

[INFO]: Shader SpotVolumetricLight linked!

[INFO]: Shader PointVolumetricLight_VertexShader compiled!

[INFO]: Shader PointVolumetricLight_FragmentShader compiled!

[INFO]: Shader PointVolumetricLight linked!

[INFO]: Shader FlatShader_VertexShader compiled!

[INFO]: Shader FlatShader_FragmentShader compiled!

[INFO]: Shader FlatShader linked!

[INFO]: Shader FlatShader_VertexShader compiled!

[INFO]: Shader FlatShader_FragmentShader compiled!

[INFO]: Shader FlatShader linked!

[INFO]: Shader FlatShader_VertexShader compiled!

[INFO]: Shader FlatShader_FragmentShader compiled!

[INFO]: Shader FlatShader linked!

[INFO]: Shader UIShader_VertexShader compiled!

[INFO]: Shader UIShader_FragmentShader compiled!

[INFO]: Shader UIShader linked!

[INFO]: Shader ParticleSystemShader_VertexShader compiled!

[INFO]: Shader ParticleSystemShader_FragmentShader compiled!

[INFO]: Shader ParticleSystemShader linked!

[INFO]: Shader DebugShader_VertexShader compiled!

[INFO]: Shader DebugShader_FragmentShader compiled!

[INFO]: Shader DebugShader linked!

[INFO]: Shader ForwardShader_VertexShader compiled!

[INFO]: Shader ForwardShader_FragmentShader compiled!

[INFO]: Shader ForwardShader linked!

[INFO]: Shader FXAAShader_VertexShader compiled!

[INFO]: Shader FXAAShader_FragmentShader compiled!

[INFO]: Shader FXAAShader linked!

[INFO]: Shader SpriteShader2D_VertexShader compiled!

[INFO]: Shader SpriteShader2D_FragmentShader compiled!

[INFO]: Shader SpriteShader2D linked!

[INFO]: Trying to load "data/models/barrel.FBX"
[INFO]: FBX "data/models/barrel.FBX" loaded in 1 ms
	- Parsing - 1 ms
	- DOM Prepare - 0 ms
	- Conversion - 0 ms
[INFO]: Model "data/models/barrel.FBX" is loaded!
[INFO]: Starting resolve...
[INFO]: Resolving graph...
[INFO]: Original handles resolved!
[INFO]: Checking integrity...
[INFO]: Integrity restored for 3 instances! 0 new nodes were added!
[INFO]: Graph resolved successfully!
[INFO]: Resolving animations...
[INFO]: Animations resolved successfully!
[INFO]: Geometry for trimesh RigidBodyHandle(b774ac19-6c62-4244-94b4-39ea7899db03) was restored from node at handle [Idx: 1; Gen: 1]!
[INFO]: Resolve succeeded!
[INFO]: Model "data/models/scene.rgs" is loaded!
[INFO]: Geometry for trimesh RigidBodyHandle(b774ac19-6c62-4244-94b4-39ea7899db03) was restored from node at handle [Idx: 2; Gen: 1]!
[INFO]: Resource data/models/scene.rgs was successfully embedded into physics world!
[INFO]: Texture "data/textures/barrel_normal.jpg" is loaded in 31.8388ms!
[INFO]: Texture "data/textures/barrel.jpg" is loaded in 35.7221ms!
[INFO]: Texture "data/textures/skybox/down.jpg" is loaded in 72.4686ms!
[INFO]: Texture "data/textures/skybox/front.jpg" is loaded in 73.3721ms!
[INFO]: Texture "data/textures/skybox/left.jpg" is loaded in 76.8093ms!
[INFO]: Texture "data/textures/skybox/right.jpg" is loaded in 81.9713ms!
[INFO]: Texture "data/textures/floor.jpg" is loaded in 85.4829ms!
[INFO]: Texture "data/textures/skybox/up.jpg" is loaded in 86.9757ms!
[INFO]: Texture "data/textures/skybox/back.jpg" is loaded in 90.6559ms!
[INFO]: Trying to load "data/models/m4.FBX"
[INFO]: FBX "data/models/m4.FBX" loaded in 30 ms
	- Parsing - 19 ms
	- DOM Prepare - 1 ms
	- Conversion - 9 ms
[INFO]: Model "data/models/m4.FBX" is loaded!
[INFO]: Resource data/models/m4.FBX was successfully embedded into physics world!
[INFO]: Texture "data/textures/M4_Magazine_normal.png" is loaded in 64.2267ms!
[INFO]: Texture "data/textures/M4_Magazine.png" is loaded in 68.0138ms!
[INFO]: Texture "data/textures/M4_Sight_normal.png" is loaded in 69.1125ms!
[INFO]: Texture "data/textures/M4_Sight.png" is loaded in 79.018ms!
[INFO]: Texture "data/textures/M4_Body.png" is loaded in 80.772ms!
[INFO]: Texture "data/textures/M4_Body_normal.png" is loaded in 83.8923ms!
[INFO]: Shader GBufferShader_VertexShader compiled!

[INFO]: Shader GBufferShader_FragmentShader compiled!

[INFO]: Shader GBufferShader linked!

[INFO]: Shader GBufferInstancingShader_VertexShader compiled!

[INFO]: Shader GBufferInstancingShader_FragmentShader compiled!

[INFO]: Shader GBufferInstancingShader linked!

[INFO]: Shader GBufferLightmapShader_VertexShader compiled!

[INFO]: Shader GBufferLightmapShader_FragmentShader compiled!

[INFO]: Shader GBufferLightmapShader linked!

[INFO]: Shader GBufferLightmapInstancingShader_VertexShader compiled!

[INFO]: Shader GBufferLightmapInstancingShader_FragmentShader compiled!

[INFO]: Shader GBufferLightmapInstancingShader linked!

[INFO]: Shader GBufferTerrainShader_VertexShader compiled!

[INFO]: Shader GBufferTerrainShader_FragmentShader compiled!

[INFO]: Shader GBufferTerrainShader linked!

[INFO]: Shader GBufferTerrainInstancingShader_VertexShader compiled!

[INFO]: Shader GBufferTerrainInstancingShader_FragmentShader compiled!

[INFO]: Shader GBufferTerrainInstancingShader linked!

[INFO]: Shader GBufferTerrainLightmapShader_VertexShader compiled!

[INFO]: Shader GBufferTerrainLightmapShader_FragmentShader compiled!

[INFO]: Shader GBufferTerrainLightmapShader linked!

[INFO]: Shader GBufferTerrainLightmapInstancingShader_VertexShader compiled!

[INFO]: Shader GBufferTerrainLightmapInstancingShader_FragmentShader compiled!

[INFO]: Shader GBufferTerrainLightmapInstancingShader linked!

[INFO]: Shader GBufferShader_VertexShader compiled!

[INFO]: Shader GBufferShader_FragmentShader compiled!

[INFO]: Shader GBufferShader linked!

[INFO]: Texture "data/textures/spark.png" is loaded in 18.7266ms!
